# JRE version: Java(TM) SE Runtime Environment (7.0_67-b01) (build 1.7.0_67-b01)
# Java VM: Java HotSpot(TM) Server VM (24.65-b04 mixed mode linux-x86 )
Heap
 PSYoungGen      total 38912K, used 4466K [0x9e000000, 0xa2d00000, 0xb3580000)
  eden space 33792K, 11% used [0x9e000000,0x9e3c4ac0,0xa0100000)
  from space 5120K, 11% used [0xa0100000,0xa0198000,0xa0600000)
  to   space 5632K, 0% used [0xa2780000,0xa2780000,0xa2d00000)
 ParOldGen       total 43520K, used 7020K [0x73580000, 0x76000000, 0x9e000000)
  object space 43520K, 16% used [0x73580000,0x73c5b048,0x76000000)
 PSPermGen       total 16384K, used 5867K [0x6f580000, 0x70580000, 0x73580000)
  object space 16384K, 35% used [0x6f580000,0x6fb3aef0,0x70580000)
GC Heap History (10 events):
Event: 4,100 GC heap before
{Heap before GC invocations=3 (full 0):
 PSYoungGen      total 19456K, used 19440K [0x9e000000, 0x9f580000, 0xb3580000)
  eden space 16896K, 100% used [0x9e000000,0x9f080000,0x9f080000)
  from space 2560K, 99% used [0x9f300000,0x9f57c3b8,0x9f580000)
  to   space 2560K, 0% used [0x9f080000,0x9f080000,0x9f300000)
 ParOldGen       total 43520K, used 3405K [0x73580000, 0x76000000, 0x9e000000)
  object space 43520K, 7% used [0x73580000,0x738d3698,0x76000000)
 PSPermGen       total 16384K, used 5865K [0x6f580000, 0x70580000, 0x73580000)
  object space 16384K, 35% used [0x6f580000,0x6fb3a5e0,0x70580000)
Event: 4,103 GC heap after
Heap after GC invocations=3 (full 0):
 PSYoungGen      total 19456K, used 2552K [0x9e000000, 0x9f580000, 0xb3580000)
  eden space 16896K, 0% used [0x9e000000,0x9e000000,0x9f080000)
  from space 2560K, 99% used [0x9f080000,0x9f2fe3a8,0x9f300000)
  to   space 2560K, 0% used [0x9f300000,0x9f300000,0x9f580000)
 ParOldGen       total 43520K, used 4951K [0x73580000, 0x76000000, 0x9e000000)
  object space 43520K, 11% used [0x73580000,0x73a55c88,0x76000000)
 PSPermGen       total 16384K, used 5865K [0x6f580000, 0x70580000, 0x73580000)
  object space 16384K, 35% used [0x6f580000,0x6fb3a5e0,0x70580000)
}
Event: 4,286 GC heap before
{Heap before GC invocations=4 (full 0):
 PSYoungGen      total 19456K, used 19448K [0x9e000000, 0x9f580000, 0xb3580000)
  eden space 16896K, 100% used [0x9e000000,0x9f080000,0x9f080000)
  from space 2560K, 99% used [0x9f080000,0x9f2fe3a8,0x9f300000)
  to   space 2560K, 0% used [0x9f300000,0x9f300000,0x9f580000)
 ParOldGen       total 43520K, used 4951K [0x73580000, 0x76000000, 0x9e000000)
  object space 43520K, 11% used [0x73580000,0x73a55c88,0x76000000)
 PSPermGen       total 16384K, used 5865K [0x6f580000, 0x70580000, 0x73580000)
  object space 16384K, 35% used [0x6f580000,0x6fb3a6f8,0x70580000)
Event: 4,289 GC heap after
Heap after GC invocations=4 (full 0):
 PSYoungGen      total 19456K, used 2552K [0x9e000000, 0xa0600000, 0xb3580000)
  eden space 16896K, 0% used [0x9e000000,0x9e000000,0x9f080000)
  from space 2560K, 99% used [0x9f300000,0x9f57e3a8,0x9f580000)
  to   space 2560K, 0% used [0x9f080000,0x9f080000,0x9f300000)
 ParOldGen       total 43520K, used 4967K [0x73580000, 0x76000000, 0x9e000000)
  object space 43520K, 11% used [0x73580000,0x73a59c88,0x76000000)
 PSPermGen       total 16384K, used 5865K [0x6f580000, 0x70580000, 0x73580000)
  object space 16384K, 35% used [0x6f580000,0x6fb3a6f8,0x70580000)
}
Event: 4,483 GC heap before
{Heap before GC invocations=5 (full 0):
 PSYoungGen      total 19456K, used 19448K [0x9e000000, 0xa0600000, 0xb3580000)
  eden space 16896K, 100% used [0x9e000000,0x9f080000,0x9f080000)
  from space 2560K, 99% used [0x9f300000,0x9f57e3a8,0x9f580000)
  to   space 2560K, 0% used [0x9f080000,0x9f080000,0x9f300000)
 ParOldGen       total 43520K, used 4967K [0x73580000, 0x76000000, 0x9e000000)
  object space 43520K, 11% used [0x73580000,0x73a59c88,0x76000000)
 PSPermGen       total 16384K, used 5865K [0x6f580000, 0x70580000, 0x73580000)
  object space 16384K, 35% used [0x6f580000,0x6fb3a778,0x70580000)
Event: 4,486 GC heap after
Heap after GC invocations=5 (full 0):
 PSYoungGen      total 19456K, used 2552K [0x9e000000, 0xa0b00000, 0xb3580000)
  eden space 16896K, 0% used [0x9e000000,0x9e000000,0x9f080000)
  from space 2560K, 99% used [0x9f080000,0x9f2fe3a8,0x9f300000)
  to   space 5120K, 0% used [0xa0600000,0xa0600000,0xa0b00000)
 ParOldGen       total 43520K, used 5019K [0x73580000, 0x76000000, 0x9e000000)
  object space 43520K, 11% used [0x73580000,0x73a66c88,0x76000000)
 PSPermGen       total 16384K, used 5865K [0x6f580000, 0x70580000, 0x73580000)
  object space 16384K, 35% used [0x6f580000,0x6fb3a778,0x70580000)
}
Event: 4,680 GC heap before
{Heap before GC invocations=6 (full 0):
 PSYoungGen      total 19456K, used 19448K [0x9e000000, 0xa0b00000, 0xb3580000)
  eden space 16896K, 100% used [0x9e000000,0x9f080000,0x9f080000)
  from space 2560K, 99% used [0x9f080000,0x9f2fe3a8,0x9f300000)
  to   space 5120K, 0% used [0xa0600000,0xa0600000,0xa0b00000)
 ParOldGen       total 43520K, used 5019K [0x73580000, 0x76000000, 0x9e000000)
  object space 43520K, 11% used [0x73580000,0x73a66c88,0x76000000)
 PSPermGen       total 16384K, used 5866K [0x6f580000, 0x70580000, 0x73580000)
  object space 16384K, 35% used [0x6f580000,0x6fb3aaf0,0x70580000)
Event: 4,684 GC heap after
Heap after GC invocations=6 (full 0):
 PSYoungGen      total 38912K, used 2568K [0x9e000000, 0xa0b00000, 0xb3580000)
  eden space 33792K, 0% used [0x9e000000,0x9e000000,0xa0100000)
  from space 5120K, 50% used [0xa0600000,0xa08823a8,0xa0b00000)
  to   space 5120K, 0% used [0xa0100000,0xa0100000,0xa0600000)
 ParOldGen       total 43520K, used 5019K [0x73580000, 0x76000000, 0x9e000000)
  object space 43520K, 11% used [0x73580000,0x73a66c88,0x76000000)
 PSPermGen       total 16384K, used 5866K [0x6f580000, 0x70580000, 0x73580000)
  object space 16384K, 35% used [0x6f580000,0x6fb3aaf0,0x70580000)
}
Event: 5,083 GC heap before
{Heap before GC invocations=7 (full 0):
 PSYoungGen      total 38912K, used 36360K [0x9e000000, 0xa0b00000, 0xb3580000)
  eden space 33792K, 100% used [0x9e000000,0xa0100000,0xa0100000)
  from space 5120K, 50% used [0xa0600000,0xa08823a8,0xa0b00000)
  to   space 5120K, 0% used [0xa0100000,0xa0100000,0xa0600000)
 ParOldGen       total 43520K, used 5019K [0x73580000, 0x76000000, 0x9e000000)
  object space 43520K, 11% used [0x73580000,0x73a66c88,0x76000000)
 PSPermGen       total 16384K, used 5867K [0x6f580000, 0x70580000, 0x73580000)
  object space 16384K, 35% used [0x6f580000,0x6fb3aca8,0x70580000)
Event: 5,087 GC heap after
Heap after GC invocations=7 (full 0):
 PSYoungGen      total 38912K, used 608K [0x9e000000, 0xa2d00000, 0xb3580000)
  eden space 33792K, 0% used [0x9e000000,0x9e000000,0xa0100000)
  from space 5120K, 11% used [0xa0100000,0xa0198000,0xa0600000)
  to   space 5632K, 0% used [0xa2780000,0xa2780000,0xa2d00000)
 ParOldGen       total 43520K, used 7020K [0x73580000, 0x76000000, 0x9e000000)
  object space 43520K, 16% used [0x73580000,0x73c5b048,0x76000000)
 PSPermGen       total 16384K, used 5867K [0x6f580000, 0x70580000, 0x73580000)
  object space 16384K, 35% used [0x6f580000,0x6fb3aca8,0x70580000)
}

