# JRE version: Java(TM) SE Runtime Environment (7.0_67-b01) (build 1.7.0_67-b01)
# Java VM: Java HotSpot(TM) Server VM (24.65-b04 mixed mode linux-x86 )
Heap
 PSYoungGen      total 21504K, used 14071K [0x9ddc0000, 0x9f900000, 0xb3340000)
  eden space 16128K, 84% used [0x9ddc0000,0x9eb09c98,0x9ed80000)
  from space 5376K, 8% used [0x9edc0000,0x9ee34000,0x9f300000)
  to   space 5888K, 0% used [0x9f340000,0x9f340000,0x9f900000)
 ParOldGen       total 43520K, used 7401K [0x73340000, 0x75dc0000, 0x9ddc0000)
  object space 43520K, 17% used [0x73340000,0x73a7a5b8,0x75dc0000)
 PSPermGen       total 16384K, used 5959K [0x6f340000, 0x70340000, 0x73340000)
  object space 16384K, 36% used [0x6f340000,0x6f911e50,0x70340000)
GC Heap History (10 events):
Event: 7,916 GC heap before
{Heap before GC invocations=3 (full 0):
 PSYoungGen      total 19456K, used 19414K [0x9ddc0000, 0x9f340000, 0xb3340000)
  eden space 16896K, 99% used [0x9ddc0000,0x9ee38448,0x9ee40000)
  from space 2560K, 99% used [0x9f0c0000,0x9f33d3c8,0x9f340000)
  to   space 2560K, 0% used [0x9ee40000,0x9ee40000,0x9f0c0000)
 ParOldGen       total 43520K, used 3643K [0x73340000, 0x75dc0000, 0x9ddc0000)
  object space 43520K, 8% used [0x73340000,0x736ced28,0x75dc0000)
 PSPermGen       total 16384K, used 5957K [0x6f340000, 0x70340000, 0x73340000)
  object space 16384K, 36% used [0x6f340000,0x6f9115d0,0x70340000)
Event: 7,920 GC heap after
Heap after GC invocations=3 (full 0):
 PSYoungGen      total 19456K, used 2556K [0x9ddc0000, 0x9f340000, 0xb3340000)
  eden space 16896K, 0% used [0x9ddc0000,0x9ddc0000,0x9ee40000)
  from space 2560K, 99% used [0x9ee40000,0x9f0bf3a0,0x9f0c0000)
  to   space 2560K, 0% used [0x9f0c0000,0x9f0c0000,0x9f340000)
 ParOldGen       total 43520K, used 5219K [0x73340000, 0x75dc0000, 0x9ddc0000)
  object space 43520K, 11% used [0x73340000,0x73858d90,0x75dc0000)
 PSPermGen       total 16384K, used 5957K [0x6f340000, 0x70340000, 0x73340000)
  object space 16384K, 36% used [0x6f340000,0x6f9115d0,0x70340000)
}
Event: 8,692 GC heap before
{Heap before GC invocations=4 (full 0):
 PSYoungGen      total 19456K, used 19421K [0x9ddc0000, 0x9f340000, 0xb3340000)
  eden space 16896K, 99% used [0x9ddc0000,0x9ee381c8,0x9ee40000)
  from space 2560K, 99% used [0x9ee40000,0x9f0bf3a0,0x9f0c0000)
  to   space 2560K, 0% used [0x9f0c0000,0x9f0c0000,0x9f340000)
 ParOldGen       total 43520K, used 5219K [0x73340000, 0x75dc0000, 0x9ddc0000)
  object space 43520K, 11% used [0x73340000,0x73858d90,0x75dc0000)
 PSPermGen       total 16384K, used 5957K [0x6f340000, 0x70340000, 0x73340000)
  object space 16384K, 36% used [0x6f340000,0x6f911770,0x70340000)
Event: 8,694 GC heap after
Heap after GC invocations=4 (full 0):
 PSYoungGen      total 19456K, used 2556K [0x9ddc0000, 0x9f340000, 0xb3340000)
  eden space 16896K, 0% used [0x9ddc0000,0x9ddc0000,0x9ee40000)
  from space 2560K, 99% used [0x9f0c0000,0x9f33f3a0,0x9f340000)
  to   space 2560K, 0% used [0x9ee40000,0x9ee40000,0x9f0c0000)
 ParOldGen       total 43520K, used 5243K [0x73340000, 0x75dc0000, 0x9ddc0000)
  object space 43520K, 12% used [0x73340000,0x7385ed90,0x75dc0000)
 PSPermGen       total 16384K, used 5957K [0x6f340000, 0x70340000, 0x73340000)
  object space 16384K, 36% used [0x6f340000,0x6f911770,0x70340000)
}
Event: 9,509 GC heap before
{Heap before GC invocations=5 (full 0):
 PSYoungGen      total 19456K, used 19452K [0x9ddc0000, 0x9f340000, 0xb3340000)
  eden space 16896K, 100% used [0x9ddc0000,0x9ee40000,0x9ee40000)
  from space 2560K, 99% used [0x9f0c0000,0x9f33f3a0,0x9f340000)
  to   space 2560K, 0% used [0x9ee40000,0x9ee40000,0x9f0c0000)
 ParOldGen       total 43520K, used 5243K [0x73340000, 0x75dc0000, 0x9ddc0000)
  object space 43520K, 12% used [0x73340000,0x7385ed90,0x75dc0000)
 PSPermGen       total 16384K, used 5957K [0x6f340000, 0x70340000, 0x73340000)
  object space 16384K, 36% used [0x6f340000,0x6f9117f0,0x70340000)
Event: 9,512 GC heap after
Heap after GC invocations=5 (full 0):
 PSYoungGen      total 19200K, used 2548K [0x9ddc0000, 0x9f880000, 0xb3340000)
  eden space 16640K, 0% used [0x9ddc0000,0x9ddc0000,0x9ee00000)
  from space 2560K, 99% used [0x9ee40000,0x9f0bd3b0,0x9f0c0000)
  to   space 5376K, 0% used [0x9f340000,0x9f340000,0x9f880000)
 ParOldGen       total 43520K, used 5255K [0x73340000, 0x75dc0000, 0x9ddc0000)
  object space 43520K, 12% used [0x73340000,0x73861d90,0x75dc0000)
 PSPermGen       total 16384K, used 5957K [0x6f340000, 0x70340000, 0x73340000)
  object space 16384K, 36% used [0x6f340000,0x6f9117f0,0x70340000)
}
Event: 10,309 GC heap before
{Heap before GC invocations=6 (full 0):
 PSYoungGen      total 19200K, used 19188K [0x9ddc0000, 0x9f880000, 0xb3340000)
  eden space 16640K, 100% used [0x9ddc0000,0x9ee00000,0x9ee00000)
  from space 2560K, 99% used [0x9ee40000,0x9f0bd3b0,0x9f0c0000)
  to   space 5376K, 0% used [0x9f340000,0x9f340000,0x9f880000)
 ParOldGen       total 43520K, used 5255K [0x73340000, 0x75dc0000, 0x9ddc0000)
  object space 43520K, 12% used [0x73340000,0x73861d90,0x75dc0000)
 PSPermGen       total 16384K, used 5958K [0x6f340000, 0x70340000, 0x73340000)
  object space 16384K, 36% used [0x6f340000,0x6f911be8,0x70340000)
Event: 10,312 GC heap after
Heap after GC invocations=6 (full 0):
 PSYoungGen      total 21504K, used 2588K [0x9ddc0000, 0x9f840000, 0xb3340000)
  eden space 16384K, 0% used [0x9ddc0000,0x9ddc0000,0x9edc0000)
  from space 5120K, 50% used [0x9f340000,0x9f5c73c0,0x9f840000)
  to   space 5376K, 0% used [0x9edc0000,0x9edc0000,0x9f300000)
 ParOldGen       total 43520K, used 5255K [0x73340000, 0x75dc0000, 0x9ddc0000)
  object space 43520K, 12% used [0x73340000,0x73861d90,0x75dc0000)
 PSPermGen       total 16384K, used 5958K [0x6f340000, 0x70340000, 0x73340000)
  object space 16384K, 36% used [0x6f340000,0x6f911be8,0x70340000)
}
Event: 11,098 GC heap before
{Heap before GC invocations=7 (full 0):
 PSYoungGen      total 21504K, used 18972K [0x9ddc0000, 0x9f840000, 0xb3340000)
  eden space 16384K, 100% used [0x9ddc0000,0x9edc0000,0x9edc0000)
  from space 5120K, 50% used [0x9f340000,0x9f5c73c0,0x9f840000)
  to   space 5376K, 0% used [0x9edc0000,0x9edc0000,0x9f300000)
 ParOldGen       total 43520K, used 5255K [0x73340000, 0x75dc0000, 0x9ddc0000)
  object space 43520K, 12% used [0x73340000,0x73861d90,0x75dc0000)
 PSPermGen       total 16384K, used 5959K [0x6f340000, 0x70340000, 0x73340000)
  object space 16384K, 36% used [0x6f340000,0x6f911da8,0x70340000)
Event: 11,101 GC heap after
Heap after GC invocations=7 (full 0):
 PSYoungGen      total 21504K, used 464K [0x9ddc0000, 0x9f900000, 0xb3340000)
  eden space 16128K, 0% used [0x9ddc0000,0x9ddc0000,0x9ed80000)
  from space 5376K, 8% used [0x9edc0000,0x9ee34000,0x9f300000)
  to   space 5888K, 0% used [0x9f340000,0x9f340000,0x9f900000)
 ParOldGen       total 43520K, used 7401K [0x73340000, 0x75dc0000, 0x9ddc0000)
  object space 43520K, 17% used [0x73340000,0x73a7a5b8,0x75dc0000)
 PSPermGen       total 16384K, used 5959K [0x6f340000, 0x70340000, 0x73340000)
  object space 16384K, 36% used [0x6f340000,0x6f911da8,0x70340000)
}

