# JRE version: Java(TM) SE Runtime Environment (7.0_67-b01) (build 1.7.0_67-b01)
# Java VM: Java HotSpot(TM) Server VM (24.65-b04 mixed mode linux-x86 )
Heap
 PSYoungGen      total 38912K, used 4850K [0x9df40000, 0xa2c40000, 0xb34c0000)
  eden space 33792K, 11% used [0x9df40000,0x9e304ac0,0xa0040000)
  from space 5120K, 19% used [0xa0040000,0xa0138000,0xa0540000)
  to   space 5632K, 0% used [0xa26c0000,0xa26c0000,0xa2c40000)
 ParOldGen       total 43520K, used 6689K [0x734c0000, 0x75f40000, 0x9df40000)
  object space 43520K, 15% used [0x734c0000,0x73b486c0,0x75f40000)
 PSPermGen       total 16384K, used 5867K [0x6f4c0000, 0x704c0000, 0x734c0000)
  object space 16384K, 35% used [0x6f4c0000,0x6fa7ae90,0x704c0000)
GC Heap History (10 events):
Event: 4,088 GC heap before
{Heap before GC invocations=3 (full 0):
 PSYoungGen      total 19456K, used 19444K [0x9df40000, 0x9f4c0000, 0xb34c0000)
  eden space 16896K, 100% used [0x9df40000,0x9efc0000,0x9efc0000)
  from space 2560K, 99% used [0x9f240000,0x9f4bd3b0,0x9f4c0000)
  to   space 2560K, 0% used [0x9efc0000,0x9efc0000,0x9f240000)
 ParOldGen       total 43520K, used 3406K [0x734c0000, 0x75f40000, 0x9df40000)
  object space 43520K, 7% used [0x734c0000,0x73813bb0,0x75f40000)
 PSPermGen       total 16384K, used 5865K [0x6f4c0000, 0x704c0000, 0x734c0000)
  object space 16384K, 35% used [0x6f4c0000,0x6fa7a600,0x704c0000)
Event: 4,093 GC heap after
Heap after GC invocations=3 (full 0):
 PSYoungGen      total 19456K, used 2556K [0x9df40000, 0x9f4c0000, 0xb34c0000)
  eden space 16896K, 0% used [0x9df40000,0x9df40000,0x9efc0000)
  from space 2560K, 99% used [0x9efc0000,0x9f23f330,0x9f240000)
  to   space 2560K, 0% used [0x9f240000,0x9f240000,0x9f4c0000)
 ParOldGen       total 43520K, used 4940K [0x734c0000, 0x75f40000, 0x9df40000)
  object space 43520K, 11% used [0x734c0000,0x739933e8,0x75f40000)
 PSPermGen       total 16384K, used 5865K [0x6f4c0000, 0x704c0000, 0x734c0000)
  object space 16384K, 35% used [0x6f4c0000,0x6fa7a600,0x704c0000)
}
Event: 4,279 GC heap before
{Heap before GC invocations=4 (full 0):
 PSYoungGen      total 19456K, used 19452K [0x9df40000, 0x9f4c0000, 0xb34c0000)
  eden space 16896K, 100% used [0x9df40000,0x9efc0000,0x9efc0000)
  from space 2560K, 99% used [0x9efc0000,0x9f23f330,0x9f240000)
  to   space 2560K, 0% used [0x9f240000,0x9f240000,0x9f4c0000)
 ParOldGen       total 43520K, used 4940K [0x734c0000, 0x75f40000, 0x9df40000)
  object space 43520K, 11% used [0x734c0000,0x739933e8,0x75f40000)
 PSPermGen       total 16384K, used 5865K [0x6f4c0000, 0x704c0000, 0x734c0000)
  object space 16384K, 35% used [0x6f4c0000,0x6fa7a718,0x704c0000)
Event: 4,282 GC heap after
Heap after GC invocations=4 (full 0):
 PSYoungGen      total 19456K, used 2556K [0x9df40000, 0x9f4c0000, 0xb34c0000)
  eden space 16896K, 0% used [0x9df40000,0x9df40000,0x9efc0000)
  from space 2560K, 99% used [0x9f240000,0x9f4bf330,0x9f4c0000)
  to   space 2560K, 0% used [0x9efc0000,0x9efc0000,0x9f240000)
 ParOldGen       total 43520K, used 4983K [0x734c0000, 0x75f40000, 0x9df40000)
  object space 43520K, 11% used [0x734c0000,0x7399dc28,0x75f40000)
 PSPermGen       total 16384K, used 5865K [0x6f4c0000, 0x704c0000, 0x734c0000)
  object space 16384K, 35% used [0x6f4c0000,0x6fa7a718,0x704c0000)
}
Event: 4,500 GC heap before
{Heap before GC invocations=5 (full 0):
 PSYoungGen      total 19456K, used 19452K [0x9df40000, 0x9f4c0000, 0xb34c0000)
  eden space 16896K, 100% used [0x9df40000,0x9efc0000,0x9efc0000)
  from space 2560K, 99% used [0x9f240000,0x9f4bf330,0x9f4c0000)
  to   space 2560K, 0% used [0x9efc0000,0x9efc0000,0x9f240000)
 ParOldGen       total 43520K, used 4983K [0x734c0000, 0x75f40000, 0x9df40000)
  object space 43520K, 11% used [0x734c0000,0x7399dc28,0x75f40000)
 PSPermGen       total 16384K, used 5865K [0x6f4c0000, 0x704c0000, 0x734c0000)
  object space 16384K, 35% used [0x6f4c0000,0x6fa7a798,0x704c0000)
Event: 4,504 GC heap after
Heap after GC invocations=5 (full 0):
 PSYoungGen      total 19456K, used 2556K [0x9df40000, 0xa0a40000, 0xb34c0000)
  eden space 16896K, 0% used [0x9df40000,0x9df40000,0x9efc0000)
  from space 2560K, 99% used [0x9efc0000,0x9f23f330,0x9f240000)
  to   space 5120K, 0% used [0xa0540000,0xa0540000,0xa0a40000)
 ParOldGen       total 43520K, used 5051K [0x734c0000, 0x75f40000, 0x9df40000)
  object space 43520K, 11% used [0x734c0000,0x739aec28,0x75f40000)
 PSPermGen       total 16384K, used 5865K [0x6f4c0000, 0x704c0000, 0x734c0000)
  object space 16384K, 35% used [0x6f4c0000,0x6fa7a798,0x704c0000)
}
Event: 4,712 GC heap before
{Heap before GC invocations=6 (full 0):
 PSYoungGen      total 19456K, used 19452K [0x9df40000, 0xa0a40000, 0xb34c0000)
  eden space 16896K, 100% used [0x9df40000,0x9efc0000,0x9efc0000)
  from space 2560K, 99% used [0x9efc0000,0x9f23f330,0x9f240000)
  to   space 5120K, 0% used [0xa0540000,0xa0540000,0xa0a40000)
 ParOldGen       total 43520K, used 5051K [0x734c0000, 0x75f40000, 0x9df40000)
  object space 43520K, 11% used [0x734c0000,0x739aec28,0x75f40000)
 PSPermGen       total 16384K, used 5866K [0x6f4c0000, 0x704c0000, 0x734c0000)
  object space 16384K, 35% used [0x6f4c0000,0x6fa7ab10,0x704c0000)
Event: 4,716 GC heap after
Heap after GC invocations=6 (full 0):
 PSYoungGen      total 38912K, used 2545K [0x9df40000, 0xa0a40000, 0xb34c0000)
  eden space 33792K, 0% used [0x9df40000,0x9df40000,0xa0040000)
  from space 5120K, 49% used [0xa0540000,0xa07bc4d0,0xa0a40000)
  to   space 5120K, 0% used [0xa0040000,0xa0040000,0xa0540000)
 ParOldGen       total 43520K, used 5051K [0x734c0000, 0x75f40000, 0x9df40000)
  object space 43520K, 11% used [0x734c0000,0x739aec28,0x75f40000)
 PSPermGen       total 16384K, used 5866K [0x6f4c0000, 0x704c0000, 0x734c0000)
  object space 16384K, 35% used [0x6f4c0000,0x6fa7ab10,0x704c0000)
}
Event: 5,168 GC heap before
{Heap before GC invocations=7 (full 0):
 PSYoungGen      total 38912K, used 36337K [0x9df40000, 0xa0a40000, 0xb34c0000)
  eden space 33792K, 100% used [0x9df40000,0xa0040000,0xa0040000)
  from space 5120K, 49% used [0xa0540000,0xa07bc4d0,0xa0a40000)
  to   space 5120K, 0% used [0xa0040000,0xa0040000,0xa0540000)
 ParOldGen       total 43520K, used 5051K [0x734c0000, 0x75f40000, 0x9df40000)
  object space 43520K, 11% used [0x734c0000,0x739aec28,0x75f40000)
 PSPermGen       total 16384K, used 5867K [0x6f4c0000, 0x704c0000, 0x734c0000)
  object space 16384K, 35% used [0x6f4c0000,0x6fa7ac48,0x704c0000)
Event: 5,173 GC heap after
Heap after GC invocations=7 (full 0):
 PSYoungGen      total 38912K, used 992K [0x9df40000, 0xa2c40000, 0xb34c0000)
  eden space 33792K, 0% used [0x9df40000,0x9df40000,0xa0040000)
  from space 5120K, 19% used [0xa0040000,0xa0138000,0xa0540000)
  to   space 5632K, 0% used [0xa26c0000,0xa26c0000,0xa2c40000)
 ParOldGen       total 43520K, used 6689K [0x734c0000, 0x75f40000, 0x9df40000)
  object space 43520K, 15% used [0x734c0000,0x73b486c0,0x75f40000)
 PSPermGen       total 16384K, used 5867K [0x6f4c0000, 0x704c0000, 0x734c0000)
  object space 16384K, 35% used [0x6f4c0000,0x6fa7ac48,0x704c0000)
}

